2023-04-10 02:09:33,069:INFO:Ingesting data in dim_weather_station
2023-04-10 02:09:33,087:INFO:0 records ingested in dim_weather_station in 0.02s
2023-04-10 02:15:45,037:INFO:Ingesting data in dim_weather_station
2023-04-10 02:15:45,054:INFO:0 records ingested in dim_weather_station in 0.02s
2023-04-10 02:15:45,054:INFO:Ingesting data in dim_date
2023-04-10 02:15:45,488:INFO:0 records ingested in dim_date in 0.43s
2023-04-10 02:15:45,488:INFO:Ingesting data in fact_weather_data
2023-04-10 02:17:08,788:INFO:1729957 records ingested in fact_weather_data in 83.30s
2023-04-10 02:17:36,911:INFO:Ingesting data in analysis_weather_summary
2023-04-10 02:17:38,271:INFO:4820 records ingested in analysis_weather_summary in 1.36s
2023-04-10 02:17:59,831:INFO:Ingesting data in dim_weather_station
2023-04-10 02:17:59,844:INFO:0 records ingested in dim_weather_station in 0.01s
2023-04-10 02:17:59,845:INFO:Ingesting data in dim_date
2023-04-10 02:18:00,273:INFO:0 records ingested in dim_date in 0.43s
2023-04-10 02:18:00,273:INFO:Ingesting data in fact_weather_data
2023-04-10 02:18:38,526:INFO:0 records ingested in fact_weather_data in 38.25s
2023-04-10 11:03:22,769:INFO:Ingesting data in dim_weather_station
2023-04-10 11:03:39,405:INFO:Ingesting data in dim_weather_station
2023-04-10 11:03:39,413:INFO:0 records ingested in dim_weather_station in 0.01s
2023-04-10 11:06:23,110:INFO:Ingesting data in dim_weather_station
2023-04-10 11:06:23,119:INFO:0 records ingested in dim_weather_station in 0.01s
2023-04-10 11:06:23,119:INFO:Ingesting data in dim_date
2023-04-10 11:06:23,623:INFO:0 records ingested in dim_date in 0.50s
2023-04-10 11:06:23,624:INFO:Ingesting data in fact_weather_data
2023-04-10 11:07:04,097:INFO:0 records ingested in fact_weather_data in 40.47s
2023-04-10 11:52:06,041:INFO:Ingesting data in dim_weather_station
2023-04-10 11:52:06,067:INFO:0 records ingested in dim_weather_station in 0.03s
2023-04-10 11:52:06,067:INFO:Ingesting data in dim_date
2023-04-10 11:52:06,447:INFO:0 records ingested in dim_date in 0.38s
2023-04-10 11:52:06,447:INFO:Ingesting data in fact_weather_data
2023-04-10 11:52:45,592:INFO:0 records ingested in fact_weather_data in 39.15s
2023-04-10 11:57:48,021:INFO:Ingesting data in dim_weather_station
2023-04-10 11:57:48,035:INFO:0 records ingested in dim_weather_station in 0.01s
2023-04-10 11:57:48,036:INFO:Ingesting data in dim_date
2023-04-10 11:57:48,405:INFO:0 records ingested in dim_date in 0.37s
2023-04-10 11:57:48,405:INFO:Ingesting data in fact_weather_data
2023-04-10 11:58:26,264:INFO:0 records ingested in fact_weather_data in 37.86s
2023-04-10 12:08:44,934:INFO:Ingesting data in dim_weather_station
2023-04-10 12:08:46,196:INFO:0 records ingested in analysis_weather_summary in 1.26s
2023-04-10 12:41:10,111:INFO:Ingesting data in dim_weather_station
2023-04-10 12:41:10,137:INFO:0 records ingested in dim_weather_station in 0.03s
2023-04-10 12:41:10,137:INFO:Ingesting data in dim_date
2023-04-10 12:41:10,510:INFO:0 records ingested in dim_date in 0.37s
2023-04-10 12:41:10,511:INFO:Ingesting data in fact_weather_data
2023-04-10 12:41:48,800:INFO:0 records ingested in fact_weather_data in 38.29s
2023-04-10 12:41:48,802:INFO:Ingesting data in dim_weather_station
2023-04-10 12:41:49,949:INFO:0 records ingested in analysis_weather_summary in 1.15s
2023-04-10 12:41:50,522:INFO:Ingesting data in dim_weather_station
2023-04-10 12:41:50,539:INFO:0 records ingested in dim_weather_station in 0.02s
2023-04-10 12:41:50,539:INFO:Ingesting data in dim_date
2023-04-10 12:41:50,908:INFO:0 records ingested in dim_date in 0.37s
2023-04-10 12:41:50,908:INFO:Ingesting data in fact_weather_data
2023-04-10 12:42:28,530:INFO:0 records ingested in fact_weather_data in 37.62s
2023-04-10 12:42:28,533:INFO:Ingesting data in dim_weather_station
2023-04-10 12:42:29,731:INFO:0 records ingested in analysis_weather_summary in 1.20s

2023-04-10 15:17:43,138:INFO:Ingesting data in dim_weather_station
2023-04-10 15:17:43,163:INFO:0 records ingested in dim_weather_station in 0.02s
2023-04-10 15:17:43,163:INFO:Ingesting data in dim_date
2023-04-10 15:17:43,549:INFO:0 records ingested in dim_date in 0.39s
2023-04-10 15:17:43,549:INFO:Ingesting data in fact_weather_data
2023-04-10 15:18:23,765:INFO:0 records ingested in fact_weather_data in 40.22s
2023-04-10 15:18:23,771:INFO:Ingesting data in dim_weather_station
2023-04-10 15:18:24,994:INFO:0 records ingested in analysis_weather_summary in 1.22s
2023-04-10 17:24:42,760:INFO:Ingesting data in dim_weather_station
2023-04-10 17:24:42,789:INFO:167 records ingested in dim_weather_station in 0.03s
2023-04-10 17:24:42,789:INFO:Ingesting data in dim_date
2023-04-10 17:24:43,610:INFO:10957 records ingested in dim_date in 0.82s
2023-04-10 17:24:43,610:INFO:Ingesting data in fact_weather_data
2023-04-10 17:26:04,908:INFO:1729957 records ingested in fact_weather_data in 81.30s
2023-04-10 17:26:05,541:INFO:Ingesting data in dim_weather_station
2023-04-10 17:26:06,801:INFO:4820 records ingested in analysis_weather_summary in 1.26s
